#
# A fatal error has been detected by the Java Runtime Environment:
#
#  SIGSEGV (0xb) at pc=0x00007fff30b1a994, pid=2765, tid=0x0000000000000c03
#
# JRE version: Java(TM) SE Runtime Environment (8.0_261-b12) (build 1.8.0_261-b12)
# Java VM: Java HotSpot(TM) 64-Bit Server VM (25.261-b12 mixed mode bsd-amd64 compressed oops)
# Problematic frame:
# C  [HIToolbox+0x27994]  THIThemeTextInfoFinder::GetTruncation() const+0x8
#
# Failed to write core dump. Core dumps have been disabled. To enable core dumping, try "ulimit -c unlimited" before starting Java again
#
# If you would like to submit a bug report, please visit:
#   http://bugreport.java.com/bugreport/crash.jsp
# The crash happened outside the Java Virtual Machine in native code.
# See problematic frame for where to report the bug.
#

---------------  T H R E A D  ---------------

Current thread (0x00007feb9000c800):  JavaThread "main" [_thread_in_native, id=3075, stack(0x000070000cd0a000,0x000070000ce0a000)]

siginfo: si_signo: 11 (SIGSEGV), si_code: 1 (SEGV_MAPERR), si_addr: 0x0000000000000016

Registers:
RAX=0x0000000000000000, RBX=0x00007feb8f962e30, RCX=0x000070000ce07bb0, RDX=0x00007fff6add6448
RSP=0x000070000ce07c80, RBP=0x000070000ce07c80, RSI=0x00007feb8f80d3e8, RDI=0x00007feb8f962e30
R8 =0x0000000000000c23, R9 =0x0000000000000c31, R10=0x00000000fffe0007, R11=0x0000000000000000
R12=0x00007feb8f962e30, R13=0x000070000ce07df8, R14=0x00007feb8f964d70, R15=0x00007feb8e6102a0
RIP=0x00007fff30b1a994, EFLAGS=0x0000000000010206, ERR=0x0000000000000004
  TRAPNO=0x000000000000000e

Top of Stack: (sp=0x000070000ce07c80)
0x000070000ce07c80:   000070000ce07cd0 00007fff30b1aa7f
0x000070000ce07c90:   00007feb8f9633c0 00007feb8f962e30
0x000070000ce07ca0:   7f7fffff0ce07ce0 00007feb8f962e30
0x000070000ce07cb0:   00007feb8f964d70 000070000ce07df8
0x000070000ce07cc0:   00007feb8f962e30 0000000000000000
0x000070000ce07cd0:   000070000ce07d10 00007fff30b1a9ed
0x000070000ce07ce0:   7f7fffff00000000 7f7fffff8f962e30
0x000070000ce07cf0:   00007feb8f962e30 000070000ce07e00
0x000070000ce07d00:   00007feb8f964d70 000070000ce07df0
0x000070000ce07d10:   000070000ce07d50 00007fff30b1a75b
0x000070000ce07d20:   00007fff894719b0 00007feb8f964d70
0x000070000ce07d30:   000070000ce07d68 00007feb8f9633c0
0x000070000ce07d40:   00007feb8f962e30 0000000000000064
0x000070000ce07d50:   000070000ce07de0 00007fff30b19247
0x000070000ce07d60:   0000000000000006 0000000000000000
0x000070000ce07d70:   0000700000000001 00007fff31f527ba
0x000070000ce07d80:   0000000000000006 0000000000000000
0x000070000ce07d90:   00007feb8e511070 47efffffe0000000
0x000070000ce07da0:   000070000ce07e00 000070000ce07df8
0x000070000ce07db0:   000070000ce07df0 0000000000000000
0x000070000ce07dc0:   00007feb8f962ef0 0000000122dcd798
0x000070000ce07dd0:   0000000000000000 000070000ce07e80
0x000070000ce07de0:   000070000ce07e20 00007fff30b19106
0x000070000ce07df0:   00007feb8e511070 00007feb8e437dc0
0x000070000ce07e00:   00007feb8f962ef0 00007feb8f9633c0
0x000070000ce07e10:   000070000ce07e38 0000000000000001
0x000070000ce07e20:   000070000ce07eb0 00007fff30b18a51
0x000070000ce07e30:   0002000000000002 0000000100000000
0x000070000ce07e40:   0000000000000064 0002010200000000
0x000070000ce07e50:   0000000000010000 0000000000000000
0x000070000ce07e60:   0000000000000000 00007feb8f95e850
0x000070000ce07e70:   0000000122dcd798 0000000100000000 

Instructions: (pc=0x00007fff30b1a994)
0x00007fff30b1a974:   00 0f 45 c1 eb 06 41 0f b6 c6 01 c0 5b 41 5e 5d
0x00007fff30b1a984:   c3 b8 02 00 00 00 eb f4 55 48 89 e5 48 8b 47 08
0x00007fff30b1a994:   8b 40 16 5d c3 90 55 48 89 e5 48 8b 47 08 8b 40
0x00007fff30b1a9a4:   1a 5d c3 90 90 90 90 90 90 90 90 90 90 90 55 48 

Register to memory mapping:

RAX=0x0000000000000000 is an unknown value
RBX=0x00007feb8f962e30 is an unknown value
RCX=0x000070000ce07bb0 is pointing into the stack for thread: 0x00007feb9000c800
RDX=0x00007fff6add6448: objc_debug_isa_class_mask+0 in /usr/lib/libobjc.A.dylib at 0x00007fff6adac000
RSP=0x000070000ce07c80 is pointing into the stack for thread: 0x00007feb9000c800
RBP=0x000070000ce07c80 is pointing into the stack for thread: 0x00007feb9000c800
RSI=0x00007feb8f80d3e8 is an unknown value
RDI=0x00007feb8f962e30 is an unknown value
R8 =0x0000000000000c23 is an unknown value
R9 =0x0000000000000c31 is an unknown value
R10=0x00000000fffe0007 is an unknown value
R11=0x0000000000000000 is an unknown value
R12=0x00007feb8f962e30 is an unknown value
R13=0x000070000ce07df8 is pointing into the stack for thread: 0x00007feb9000c800
R14=0x00007feb8f964d70 is an unknown value
R15=0x00007feb8e6102a0 is an unknown value


Stack: [0x000070000cd0a000,0x000070000ce0a000],  sp=0x000070000ce07c80,  free space=1015k
Native frames: (J=compiled Java code, j=interpreted, Vv=VM code, C=native code)
C  [HIToolbox+0x27994]  THIThemeTextInfoFinder::GetTruncation() const+0x8
C  [HIToolbox+0x27a7f]  TCoreTextEngine::LayoutSingleLine(THIThemeTextInfo*, float)+0x3b
C  [HIToolbox+0x279ed]  TCoreTextEngine::Layout(THIThemeTextInfo*, float, float, TextLayoutType)+0x3b
C  [HIToolbox+0x2775b]  TCoreTextEngine::GetThemeTextDimensions(double, THIThemeTextInfo*, double*, double*, double*)+0x2b
C  [HIToolbox+0x26247]  DataEngine::GetTextDimensions(void const*, double, HIThemeTextInfo*, double*, double*, double*)+0x10f
C  [HIToolbox+0x26106]  HIThemeGetTextDimensions+0xbc
C  [HIToolbox+0x25a51]  HIMenuBarView::MeasureMenuTitle(MenuData*, unsigned char, float*, int)+0x1ab
C  [HIToolbox+0x257de]  HIMenuBarView::MeasureAppMenus()+0xe6
C  [HIToolbox+0x25367]  HIMenuBarView::EnsureBarLayout()+0x1a3
C  [HIToolbox+0x24c77]  HIMenuBarView::DrawOnce(CGRect, CGRect, bool, bool, CGContext*)+0x243
C  [HIToolbox+0x2494e]  HIMenuBarView::DrawSelf(short, __HIShape const*, CGContext*)+0x23a
C  [HIToolbox+0x243b6]  HIMenuBarView::DrawWithoutCustomization(short, __HIShape const*, CGContext*)+0x52
C  [HIToolbox+0x2434e]  HIMenuBarView::DrawingDelegateHandler(OpaqueEventHandlerCallRef*, OpaqueEventRef*, void*)+0x102
C  [HIToolbox+0x88ff]  DispatchEventToHandlers(EventTargetRec*, OpaqueEventRef*, HandlerCallRec*)+0x4e6
C  [HIToolbox+0x7d8d]  SendEventToEventTargetInternal(OpaqueEventRef*, OpaqueEventTargetRef*, HandlerCallRec*)+0x149
C  [HIToolbox+0x7c3d]  SendEventToEventTargetWithOptions+0x2d
C  [HIToolbox+0x23ecd]  HIView::SendDraw(short, OpaqueGrafPtr*, __HIShape const*, CGContext*)+0x145
C  [HIToolbox+0x23967]  HIView::RecursiveDrawComposited(__HIShape const*, __HIShape const*, unsigned int, HIView*, CGContext*, unsigned char, double)+0x23f
C  [HIToolbox+0x23b61]  HIView::RecursiveDrawComposited(__HIShape const*, __HIShape const*, unsigned int, HIView*, CGContext*, unsigned char, double)+0x439
C  [HIToolbox+0x23399]  HIView::DrawComposited(short, OpaqueGrafPtr*, __HIShape const*, unsigned int, HIView*, CGContext*)+0x32f
C  [HIToolbox+0x2305b]  HIView::Render(unsigned int, CGContext*)+0x33
C  [HIToolbox+0x22783]  WindowData::PrepareForVisibility()+0x99
C  [HIToolbox+0x789c8]  _ShowHideWindows+0x11e
C  [HIToolbox+0x221b4]  ShowHide+0x23
C  [HIToolbox+0x12217]  MBWindows::GetWindowOnDisplay(unsigned int, unsigned char)+0x127
C  [HIToolbox+0x11ff7]  MenuBarInstance::ForEachWindowDo(unsigned char, bool (OpaqueWindowPtr*, unsigned int) block_pointer)+0xb7
C  [HIToolbox+0x11efb]  MenuBarInstance::SetBoundsAndUpdateResolution()+0x67
C  [HIToolbox+0x11a72]  MenuBarInstance::Show(MenuBarAnimationStyle, unsigned char, unsigned char, unsigned char, unsigned char)+0x118
C  [HIToolbox+0x114aa]  MenuBarInstance::UpdateAggregateUIMode(MenuBarAnimationStyle, unsigned char, unsigned char, unsigned char)+0x324
C  [HIToolbox+0x110aa]  MenuBarInstance::ForEachMenuBarDo(void (MenuBarInstance*) block_pointer)+0x2e
C  [HIToolbox+0x11042]  UpdateAllAggregateUIModes(MenuBarAnimationStyle, unsigned char)+0x7e
C  [HIToolbox+0x10fae]  SetSystemUIMode+0xa5
C  [AppKit+0x319fb]  -[NSApplication finishLaunching]+0x2dc
C  [AppKit+0x313f0]  -[NSApplication run]+0xf4
C  [libglfw.dylib+0x10a85]
[error occurred during error reporting (printing native stack), id 0xe0000000]

Java frames: (J=compiled Java code, j=interpreted, Vv=VM code)
j  org.lwjgl.system.JNI.invokePPPP(IIJJJJ)J+0
j  org.lwjgl.glfw.GLFW.nglfwCreateWindow(IIJJJ)J+14
j  org.lwjgl.glfw.GLFW.glfwCreateWindow(IILjava/lang/CharSequence;JJ)J+37
j  com.badlogic.gdx.backends.lwjgl3.Lwjgl3Application.createGlfwWindow(Lcom/badlogic/gdx/backends/lwjgl3/Lwjgl3ApplicationConfiguration;J)J+284
j  com.badlogic.gdx.backends.lwjgl3.Lwjgl3Application.createWindow(Lcom/badlogic/gdx/backends/lwjgl3/Lwjgl3Window;Lcom/badlogic/gdx/backends/lwjgl3/Lwjgl3ApplicationConfiguration;J)V+2
j  com.badlogic.gdx.backends.lwjgl3.Lwjgl3Application.createWindow(Lcom/badlogic/gdx/backends/lwjgl3/Lwjgl3ApplicationConfiguration;Lcom/badlogic/gdx/ApplicationListener;J)Lcom/badlogic/gdx/backends/lwjgl3/Lwjgl3Window;+23
j  com.badlogic.gdx.backends.lwjgl3.Lwjgl3Application.<init>(Lcom/badlogic/gdx/ApplicationListener;Lcom/badlogic/gdx/backends/lwjgl3/Lwjgl3ApplicationConfiguration;)V+222
j  oop.koyomia.boomberman.desktop.DesktopLauncher.main([Ljava/lang/String;)V+20
v  ~StubRoutines::call_stub

---------------  P R O C E S S  ---------------

Java Threads: ( => current thread )
  0x00007feb91830800 JavaThread "Service Thread" daemon [_thread_blocked, id=14595, stack(0x000070000df43000,0x000070000e043000)]
  0x00007feb9182f800 JavaThread "C1 CompilerThread3" daemon [_thread_blocked, id=15875, stack(0x000070000de40000,0x000070000df40000)]
  0x00007feb9182c800 JavaThread "C2 CompilerThread2" daemon [_thread_blocked, id=14339, stack(0x000070000dd3d000,0x000070000de3d000)]
  0x00007feb8e81e000 JavaThread "C2 CompilerThread1" daemon [_thread_blocked, id=13827, stack(0x000070000dc3a000,0x000070000dd3a000)]
  0x00007feb8e81c800 JavaThread "C2 CompilerThread0" daemon [_thread_blocked, id=13571, stack(0x000070000db37000,0x000070000dc37000)]
  0x00007feb8e80d800 JavaThread "Signal Dispatcher" daemon [_thread_blocked, id=16643, stack(0x000070000da34000,0x000070000db34000)]
  0x00007feb92031800 JavaThread "Finalizer" daemon [_thread_blocked, id=18947, stack(0x000070000d82b000,0x000070000d92b000)]
  0x00007feb8f00f800 JavaThread "Reference Handler" daemon [_thread_blocked, id=11523, stack(0x000070000d728000,0x000070000d828000)]
=>0x00007feb9000c800 JavaThread "main" [_thread_in_native, id=3075, stack(0x000070000cd0a000,0x000070000ce0a000)]

Other Threads:
  0x00007feb9080e000 VMThread [stack: 0x000070000d625000,0x000070000d725000] [id=11267]
  0x00007feb8e846800 WatcherThread [stack: 0x000070000e046000,0x000070000e146000] [id=15107]

VM state:not at safepoint (normal execution)

VM Mutex/Monitor currently owned by a thread: None

heap address: 0x0000000740000000, size: 2048 MB, Compressed Oops mode: Zero based, Oop shift amount: 3
Narrow klass base: 0x0000000000000000, Narrow klass shift: 3
Compressed class space size: 1073741824 Address: 0x00000007c0000000

Heap:
 PSYoungGen      total 38400K, used 13471K [0x0000000795580000, 0x0000000798000000, 0x00000007c0000000)
  eden space 33280K, 40% used [0x0000000795580000,0x00000007962a7d00,0x0000000797600000)
  from space 5120K, 0% used [0x0000000797b00000,0x0000000797b00000,0x0000000798000000)
  to   space 5120K, 0% used [0x0000000797600000,0x0000000797600000,0x0000000797b00000)
 ParOldGen       total 87552K, used 0K [0x0000000740000000, 0x0000000745580000, 0x0000000795580000)
  object space 87552K, 0% used [0x0000000740000000,0x0000000740000000,0x0000000745580000)
 Metaspace       used 7144K, capacity 7336K, committed 7552K, reserved 1056768K
  class space    used 738K, capacity 836K, committed 896K, reserved 1048576K

Card table byte_map: [0x000000010aab8000,0x000000010aeb9000] byte_map_base: 0x00000001070b8000

Marking Bits: (ParMarkBitMap*) 0x000000010cb28748
 Begin Bits: [0x000000011c20c000, 0x000000011e20c000)
 End Bits:   [0x000000011e20c000, 0x000000012020c000)

Polling page: 0x000000010a6a1000

CodeCache: size=245760Kb used=2743Kb max_used=2760Kb free=243016Kb
 bounds [0x000000010d20c000, 0x000000010d4cc000, 0x000000011c20c000]
 total_blobs=1385 nmethods=585 adapters=714
 compilation: enabled

Compilation events (10 events):
Event: 0.470 Thread 0x00007feb9182f800 nmethod 581 0x000000010d4ae190 code [0x000000010d4ae2e0, 0x000000010d4ae430]
Event: 0.470 Thread 0x00007feb9182f800  582       3       org.lwjgl.system.MemoryStack::push (38 bytes)
Event: 0.470 Thread 0x00007feb9182f800 nmethod 582 0x000000010d4adcd0 code [0x000000010d4ade40, 0x000000010d4ae068]
Event: 0.470 Thread 0x00007feb9182f800  583       3       org.lwjgl.system.MemoryStack::close (6 bytes)
Event: 0.470 Thread 0x00007feb9182f800 nmethod 583 0x000000010d4ad8d0 code [0x000000010d4ada40, 0x000000010d4adc48]
Event: 0.470 Thread 0x00007feb9182f800  584       3       org.lwjgl.system.MemoryStack::pop (22 bytes)
Event: 0.470 Thread 0x00007feb9182f800 nmethod 584 0x000000010d4ad4d0 code [0x000000010d4ad640, 0x000000010d4ad7d0]
Event: 0.470 Thread 0x00007feb9182f800  585       3       java.util.Stack::empty (13 bytes)
Event: 0.471 Thread 0x00007feb9182f800 nmethod 585 0x000000010d4ace10 code [0x000000010d4acf80, 0x000000010d4ad350]
Event: 0.493 Thread 0x00007feb9182c800 nmethod 569 0x000000010d4bb590 code [0x000000010d4bb900, 0x000000010d4bd1d0]

GC Heap History (0 events):
No events

Deoptimization events (3 events):
Event: 0.138 Thread 0x00007feb9000c800 Uncommon trap: reason=unstable_if action=reinterpret pc=0x000000010d340cec method=java.lang.String.indexOf(II)I @ 49
Event: 0.144 Thread 0x00007feb9000c800 Uncommon trap: reason=unstable_if action=reinterpret pc=0x000000010d33859c method=java.lang.String.indexOf(II)I @ 49
Event: 0.185 Thread 0x00007feb9000c800 Uncommon trap: reason=unstable_if action=reinterpret pc=0x000000010d3c5d28 method=java.lang.String.replace(CC)Ljava/lang/String; @ 26

Classes redefined (0 events):
No events

Internal exceptions (10 events):
Event: 0.428 Thread 0x00007feb9000c800 Exception <a 'java/security/PrivilegedActionException'> (0x0000000796018e28) thrown at [/jenkins/workspace/8-2-build-macosx-x86_64/jdk8u261/295/hotspot/src/share/vm/prims/jvm.cpp, line 1512]
Event: 0.436 Thread 0x00007feb9000c800 Exception <a 'java/security/PrivilegedActionException'> (0x0000000796062948) thrown at [/jenkins/workspace/8-2-build-macosx-x86_64/jdk8u261/295/hotspot/src/share/vm/prims/jvm.cpp, line 1512]
Event: 0.436 Thread 0x00007feb9000c800 Exception <a 'java/security/PrivilegedActionException'> (0x0000000796062b58) thrown at [/jenkins/workspace/8-2-build-macosx-x86_64/jdk8u261/295/hotspot/src/share/vm/prims/jvm.cpp, line 1512]
Event: 0.443 Thread 0x00007feb9000c800 Exception <a 'java/security/PrivilegedActionException'> (0x00000007960f0948) thrown at [/jenkins/workspace/8-2-build-macosx-x86_64/jdk8u261/295/hotspot/src/share/vm/prims/jvm.cpp, line 1512]
Event: 0.443 Thread 0x00007feb9000c800 Exception <a 'java/security/PrivilegedActionException'> (0x00000007960f0b58) thrown at [/jenkins/workspace/8-2-build-macosx-x86_64/jdk8u261/295/hotspot/src/share/vm/prims/jvm.cpp, line 1512]
Event: 0.445 Thread 0x00007feb9000c800 Exception <a 'java/security/PrivilegedActionException'> (0x00000007961040f8) thrown at [/jenkins/workspace/8-2-build-macosx-x86_64/jdk8u261/295/hotspot/src/share/vm/prims/jvm.cpp, line 1512]
Event: 0.445 Thread 0x00007feb9000c800 Exception <a 'java/security/PrivilegedActionException'> (0x0000000796104308) thrown at [/jenkins/workspace/8-2-build-macosx-x86_64/jdk8u261/295/hotspot/src/share/vm/prims/jvm.cpp, line 1512]
Event: 0.454 Thread 0x00007feb9000c800 Exception <a 'java/security/PrivilegedActionException'> (0x00000007961883a0) thrown at [/jenkins/workspace/8-2-build-macosx-x86_64/jdk8u261/295/hotspot/src/share/vm/prims/jvm.cpp, line 1512]
Event: 0.454 Thread 0x00007feb9000c800 Exception <a 'java/security/PrivilegedActionException'> (0x00000007961885b0) thrown at [/jenkins/workspace/8-2-build-macosx-x86_64/jdk8u261/295/hotspot/src/share/vm/prims/jvm.cpp, line 1512]
Event: 0.463 Thread 0x00007feb9000c800 Exception <a 'sun/nio/fs/UnixException'> (0x0000000796252ae8) thrown at [/jenkins/workspace/8-2-build-macosx-x86_64/jdk8u261/295/hotspot/src/share/vm/prims/jni.cpp, line 710]

Events (10 events):
Event: 0.460 loading class org/lwjgl/glfw/EventLoop
Event: 0.460 loading class org/lwjgl/glfw/EventLoop done
Event: 0.461 loading class org/lwjgl/system/macosx/ObjCRuntime
Event: 0.461 loading class org/lwjgl/system/macosx/ObjCRuntime done
Event: 0.464 loading class org/lwjgl/system/dyncall/DynLoad
Event: 0.464 loading class org/lwjgl/system/dyncall/DynLoad done
Event: 0.469 loading class org/lwjgl/system/macosx/ObjCRuntime$Functions
Event: 0.469 loading class org/lwjgl/system/macosx/ObjCRuntime$Functions done
Event: 0.470 loading class org/lwjgl/system/macosx/CoreFoundation
Event: 0.470 loading class org/lwjgl/system/macosx/CoreFoundation done


Dynamic libraries:
0x00007fff30fd2000 	/System/Library/Frameworks/Cocoa.framework/Versions/A/Cocoa
0x00007fff3e7cb000 	/System/Library/Frameworks/Security.framework/Versions/A/Security
0x00007fff2ff37000 	/System/Library/Frameworks/ApplicationServices.framework/Versions/A/ApplicationServices
0x00007fff6b488000 	/usr/lib/libz.1.dylib
0x00007fff68f4c000 	/usr/lib/libSystem.B.dylib
0x00007fff31e74000 	/System/Library/Frameworks/CoreFoundation.framework/Versions/A/CoreFoundation
0x00007fff34531000 	/System/Library/Frameworks/Foundation.framework/Versions/C/Foundation
0x00007fff6adac000 	/usr/lib/libobjc.A.dylib
0x00007fff2f127000 	/System/Library/Frameworks/AppKit.framework/Versions/C/AppKit
0x00007fff31956000 	/System/Library/Frameworks/CoreData.framework/Versions/A/CoreData
0x00007fff62f61000 	/System/Library/PrivateFrameworks/UIFoundation.framework/Versions/A/UIFoundation
0x00007fff5dff5000 	/System/Library/PrivateFrameworks/RemoteViewServices.framework/Versions/A/RemoteViewServices
0x00007fff65abc000 	/System/Library/PrivateFrameworks/XCTTargetBootstrap.framework/Versions/A/XCTTargetBootstrap
0x00007fff31d41000 	/System/Library/Frameworks/CoreDisplay.framework/Versions/A/CoreDisplay
0x00007fff373ec000 	/System/Library/Frameworks/Metal.framework/Versions/A/Metal
0x00007fff4bfe2000 	/System/Library/PrivateFrameworks/DesktopServicesPriv.framework/Versions/A/DesktopServicesPriv
0x00007fff6a087000 	/usr/lib/liblangid.dylib
0x00007fff4b277000 	/System/Library/PrivateFrameworks/CoreSVG.framework/Versions/A/CoreSVG
0x00007fff61151000 	/System/Library/PrivateFrameworks/SkyLight.framework/Versions/A/SkyLight
0x00007fff322f5000 	/System/Library/Frameworks/CoreGraphics.framework/Versions/A/CoreGraphics
0x00007fff2dafb000 	/System/Library/Frameworks/Accelerate.framework/Versions/A/Accelerate
0x00007fff6b379000 	/usr/lib/libxml2.2.dylib
0x00007fff56f80000 	/System/Library/PrivateFrameworks/IconServices.framework/Versions/A/IconServices
0x00007fff34d10000 	/System/Library/Frameworks/IOSurface.framework/Versions/A/IOSurface
0x00007fff68a76000 	/usr/lib/libDiagnosticMessagesClient.dylib
0x00007fff4be3c000 	/System/Library/PrivateFrameworks/DFRFoundation.framework/Versions/A/DFRFoundation
0x00007fff69e16000 	/usr/lib/libicucore.A.dylib
0x00007fff30269000 	/System/Library/Frameworks/AudioToolbox.framework/Versions/A/AudioToolbox
0x00007fff3034c000 	/System/Library/Frameworks/AudioUnit.framework/Versions/A/AudioUnit
0x00007fff6914e000 	/usr/lib/libauto.dylib
0x00007fff4bede000 	/System/Library/PrivateFrameworks/DataDetectorsCore.framework/Versions/A/DataDetectorsCore
0x00007fff30af3000 	/System/Library/Frameworks/Carbon.framework/Versions/A/Frameworks/HIToolbox.framework/Versions/A/HIToolbox
0x00007fff3d9c5000 	/System/Library/Frameworks/QuartzCore.framework/Versions/A/QuartzCore
0x00007fff30e32000 	/System/Library/Frameworks/Carbon.framework/Versions/A/Frameworks/SpeechRecognition.framework/Versions/A/SpeechRecognition
0x00007fff4b950000 	/System/Library/PrivateFrameworks/CoreUI.framework/Versions/A/CoreUI
0x00007fff313c1000 	/System/Library/Frameworks/CoreAudio.framework/Versions/A/CoreAudio
0x00007fff341f0000 	/System/Library/Frameworks/DiskArbitration.framework/Versions/A/DiskArbitration
0x00007fff58fd0000 	/System/Library/PrivateFrameworks/MultitouchSupport.framework/Versions/A/MultitouchSupport
0x00007fff69cdd000 	/usr/lib/libenergytrace.dylib
0x00007fff34c6a000 	/System/Library/Frameworks/IOKit.framework/Versions/A/IOKit
0x00007fff3325c000 	/System/Library/Frameworks/CoreServices.framework/Versions/A/CoreServices
0x00007fff5b188000 	/System/Library/PrivateFrameworks/PerformanceAnalysis.framework/Versions/A/PerformanceAnalysis
0x00007fff3c9f8000 	/System/Library/Frameworks/OpenGL.framework/Versions/A/OpenGL
0x00007fff30fe0000 	/System/Library/Frameworks/ColorSync.framework/Versions/A/ColorSync
0x00007fff32978000 	/System/Library/Frameworks/CoreImage.framework/Versions/A/CoreImage
0x00007fff33ccf000 	/System/Library/Frameworks/CoreText.framework/Versions/A/CoreText
0x00007fff34da0000 	/System/Library/Frameworks/ImageIO.framework/Versions/A/ImageIO
0x00007fff69232000 	/usr/lib/libc++.1.dylib
0x00007fff692ae000 	/usr/lib/libcompression.dylib
0x00007fff68dba000 	/usr/lib/libMobileGestalt.dylib
0x00007fff62ccb000 	/System/Library/PrivateFrameworks/TextureIO.framework/Versions/A/TextureIO
0x00007fff690b1000 	/usr/lib/libate.dylib
0x00007fff57189000 	/System/Library/PrivateFrameworks/InternationalSupport.framework/Versions/A/InternationalSupport
0x00007fff6bd49000 	/usr/lib/system/libcache.dylib
0x00007fff6bd4f000 	/usr/lib/system/libcommonCrypto.dylib
0x00007fff6bd5b000 	/usr/lib/system/libcompiler_rt.dylib
0x00007fff6bd63000 	/usr/lib/system/libcopyfile.dylib
0x00007fff6bd6d000 	/usr/lib/system/libcorecrypto.dylib
0x00007fff6bf0c000 	/usr/lib/system/libdispatch.dylib
0x00007fff6bf4d000 	/usr/lib/system/libdyld.dylib
0x00007fff6bf84000 	/usr/lib/system/libkeymgr.dylib
0x00007fff6bf92000 	/usr/lib/system/liblaunch.dylib
0x00007fff6bf93000 	/usr/lib/system/libmacho.dylib
0x00007fff6bf99000 	/usr/lib/system/libquarantine.dylib
0x00007fff6bf9c000 	/usr/lib/system/libremovefile.dylib
0x00007fff6bf9e000 	/usr/lib/system/libsystem_asl.dylib
0x00007fff6bfb6000 	/usr/lib/system/libsystem_blocks.dylib
0x00007fff6bfb7000 	/usr/lib/system/libsystem_c.dylib
0x00007fff6c03f000 	/usr/lib/system/libsystem_configuration.dylib
0x00007fff6c043000 	/usr/lib/system/libsystem_coreservices.dylib
0x00007fff6c047000 	/usr/lib/system/libsystem_darwin.dylib
0x00007fff6c050000 	/usr/lib/system/libsystem_dnssd.dylib
0x00007fff6c058000 	/usr/lib/system/libsystem_featureflags.dylib
0x00007fff6c05a000 	/usr/lib/system/libsystem_info.dylib
0x00007fff6c0d5000 	/usr/lib/system/libsystem_m.dylib
0x00007fff6c11d000 	/usr/lib/system/libsystem_malloc.dylib
0x00007fff6c145000 	/usr/lib/system/libsystem_networkextension.dylib
0x00007fff6c153000 	/usr/lib/system/libsystem_notify.dylib
0x00007fff6c171000 	/usr/lib/system/libsystem_sandbox.dylib
0x00007fff6c176000 	/usr/lib/system/libsystem_secinit.dylib
0x00007fff6c0a8000 	/usr/lib/system/libsystem_kernel.dylib
0x00007fff6c15d000 	/usr/lib/system/libsystem_platform.dylib
0x00007fff6c166000 	/usr/lib/system/libsystem_pthread.dylib
0x00007fff6c179000 	/usr/lib/system/libsystem_symptoms.dylib
0x00007fff6c181000 	/usr/lib/system/libsystem_trace.dylib
0x00007fff6c199000 	/usr/lib/system/libunwind.dylib
0x00007fff6c19f000 	/usr/lib/system/libxpc.dylib
0x00007fff69285000 	/usr/lib/libc++abi.dylib
0x00007fff6a089000 	/usr/lib/liblzma.5.dylib
0x00007fff69d04000 	/usr/lib/libfakelink.dylib
0x00007fff6903e000 	/usr/lib/libarchive.2.dylib
0x00007fff3f87c000 	/System/Library/Frameworks/SystemConfiguration.framework/Versions/A/SystemConfiguration
0x00007fff689a9000 	/usr/lib/libCRFSuite.dylib
0x00007fff306e3000 	/System/Library/Frameworks/CFNetwork.framework/Versions/A/CFNetwork
0x00007fff69214000 	/usr/lib/libbsm.0.dylib
0x00007fff6bf85000 	/usr/lib/system/libkxld.dylib
0x00007fff457b9000 	/System/Library/PrivateFrameworks/AppleFSCompression.framework/Versions/A/AppleFSCompression
0x00007fff6959f000 	/usr/lib/libcoretls.dylib
0x00007fff695b6000 	/usr/lib/libcoretls_cfhelpers.dylib
0x00007fff6adf2000 	/usr/lib/libpam.2.dylib
0x00007fff6af27000 	/usr/lib/libsqlite3.dylib
0x00007fff6b366000 	/usr/lib/libxar.1.dylib
0x00007fff69225000 	/usr/lib/libbz2.1.0.dylib
0x00007fff69d25000 	/usr/lib/libiconv.2.dylib
0x00007fff6929b000 	/usr/lib/libcharset.1.dylib
0x00007fff6a88f000 	/usr/lib/libnetwork.dylib
0x00007fff6adf9000 	/usr/lib/libpcap.A.dylib
0x00007fff68ff3000 	/usr/lib/libapple_nghttp2.dylib
0x00007fff33613000 	/System/Library/Frameworks/CoreServices.framework/Versions/A/Frameworks/FSEvents.framework/Versions/A/FSEvents
0x00007fff332e3000 	/System/Library/Frameworks/CoreServices.framework/Versions/A/Frameworks/CarbonCore.framework/Versions/A/CarbonCore
0x00007fff33857000 	/System/Library/Frameworks/CoreServices.framework/Versions/A/Frameworks/Metadata.framework/Versions/A/Metadata
0x00007fff338f0000 	/System/Library/Frameworks/CoreServices.framework/Versions/A/Frameworks/OSServices.framework/Versions/A/OSServices
0x00007fff3391e000 	/System/Library/Frameworks/CoreServices.framework/Versions/A/Frameworks/SearchKit.framework/Versions/A/SearchKit
0x00007fff3325d000 	/System/Library/Frameworks/CoreServices.framework/Versions/A/Frameworks/AE.framework/Versions/A/AE
0x00007fff3361c000 	/System/Library/Frameworks/CoreServices.framework/Versions/A/Frameworks/LaunchServices.framework/Versions/A/LaunchServices
0x00007fff335c5000 	/System/Library/Frameworks/CoreServices.framework/Versions/A/Frameworks/DictionaryServices.framework/Versions/A/DictionaryServices
0x00007fff33986000 	/System/Library/Frameworks/CoreServices.framework/Versions/A/Frameworks/SharedFileList.framework/Versions/A/SharedFileList
0x00007fff38817000 	/System/Library/Frameworks/NetFS.framework/Versions/A/NetFS
0x00007fff59500000 	/System/Library/PrivateFrameworks/NetAuth.framework/Versions/A/NetAuth
0x00007fff65e89000 	/System/Library/PrivateFrameworks/login.framework/Versions/A/Frameworks/loginsupport.framework/Versions/A/loginsupport
0x00007fff62796000 	/System/Library/PrivateFrameworks/TCC.framework/Versions/A/TCC
0x00007fff4a3ea000 	/System/Library/PrivateFrameworks/CoreNLP.framework/Versions/A/CoreNLP
0x00007fff589fd000 	/System/Library/PrivateFrameworks/MetadataUtilities.framework/Versions/A/MetadataUtilities
0x00007fff6a161000 	/usr/lib/libmecabra.dylib
0x00007fff6a0b9000 	/usr/lib/libmecab.dylib
0x00007fff69d15000 	/usr/lib/libgermantok.dylib
0x00007fff68fda000 	/usr/lib/libThaiTokenizer.dylib
0x00007fff689e0000 	/usr/lib/libChineseTokenizer.dylib
0x00007fff2db13000 	/System/Library/Frameworks/Accelerate.framework/Versions/A/Frameworks/vImage.framework/Versions/A/vImage
0x00007fff2ef7d000 	/System/Library/Frameworks/Accelerate.framework/Versions/A/Frameworks/vecLib.framework/Versions/A/vecLib
0x00007fff2eeba000 	/System/Library/Frameworks/Accelerate.framework/Versions/A/Frameworks/vecLib.framework/Versions/A/libvMisc.dylib
0x00007fff2ece2000 	/System/Library/Frameworks/Accelerate.framework/Versions/A/Frameworks/vecLib.framework/Versions/A/libvDSP.dylib
0x00007fff2e16a000 	/System/Library/Frameworks/Accelerate.framework/Versions/A/Frameworks/vecLib.framework/Versions/A/libBLAS.dylib
0x00007fff2e8a6000 	/System/Library/Frameworks/Accelerate.framework/Versions/A/Frameworks/vecLib.framework/Versions/A/libLAPACK.dylib
0x00007fff2ec42000 	/System/Library/Frameworks/Accelerate.framework/Versions/A/Frameworks/vecLib.framework/Versions/A/libLinearAlgebra.dylib
0x00007fff2eccf000 	/System/Library/Frameworks/Accelerate.framework/Versions/A/Frameworks/vecLib.framework/Versions/A/libSparseBLAS.dylib
0x00007fff2ec58000 	/System/Library/Frameworks/Accelerate.framework/Versions/A/Frameworks/vecLib.framework/Versions/A/libQuadrature.dylib
0x00007fff2e3d2000 	/System/Library/Frameworks/Accelerate.framework/Versions/A/Frameworks/vecLib.framework/Versions/A/libBNNS.dylib
0x00007fff2ec5e000 	/System/Library/Frameworks/Accelerate.framework/Versions/A/Frameworks/vecLib.framework/Versions/A/libSparse.dylib
0x00007fff57571000 	/System/Library/PrivateFrameworks/LanguageModeling.framework/Versions/A/LanguageModeling
0x00007fff49d9a000 	/System/Library/PrivateFrameworks/CoreEmoji.framework/Versions/A/CoreEmoji
0x00007fff5768f000 	/System/Library/PrivateFrameworks/LinguisticData.framework/Versions/A/LinguisticData
0x00007fff57640000 	/System/Library/PrivateFrameworks/Lexicon.framework/Versions/A/Lexicon
0x00007fff6929c000 	/usr/lib/libcmph.dylib
0x00007fff3b406000 	/System/Library/Frameworks/OpenDirectory.framework/Versions/A/Frameworks/CFOpenDirectory.framework/Versions/A/CFOpenDirectory
0x00007fff3b423000 	/System/Library/Frameworks/OpenDirectory.framework/Versions/A/OpenDirectory
0x00007fff43866000 	/System/Library/PrivateFrameworks/APFS.framework/Versions/A/APFS
0x00007fff3eb15000 	/System/Library/Frameworks/SecurityFoundation.framework/Versions/A/SecurityFoundation
0x00007fff6b362000 	/usr/lib/libutil.dylib
0x00007fff4b2cf000 	/System/Library/PrivateFrameworks/CoreServicesStore.framework/Versions/A/CoreServicesStore
0x00007fff3ebcc000 	/System/Library/Frameworks/ServiceManagement.framework/Versions/A/ServiceManagement
0x00007fff46f89000 	/System/Library/PrivateFrameworks/BackgroundTaskManagement.framework/Versions/A/BackgroundTaskManagement
0x00007fff6b45f000 	/usr/lib/libxslt.1.dylib
0x00007fff45e2c000 	/System/Library/PrivateFrameworks/AppleSystemInfo.framework/Versions/A/AppleSystemInfo
0x00007fff34fbb000 	/System/Library/Frameworks/ImageIO.framework/Versions/A/Resources/libJPEG.dylib
0x00007fff3527a000 	/System/Library/Frameworks/ImageIO.framework/Versions/A/Resources/libTIFF.dylib
0x00007fff3525d000 	/System/Library/Frameworks/ImageIO.framework/Versions/A/Resources/libPng.dylib
0x00007fff34efd000 	/System/Library/Frameworks/ImageIO.framework/Versions/A/Resources/libGIF.dylib
0x00007fff34f01000 	/System/Library/Frameworks/ImageIO.framework/Versions/A/Resources/libJP2.dylib
0x00007fff35278000 	/System/Library/Frameworks/ImageIO.framework/Versions/A/Resources/libRadiance.dylib
0x00007fff69cde000 	/usr/lib/libexpat.1.dylib
0x00007fff45914000 	/System/Library/PrivateFrameworks/AppleJPEG.framework/Versions/A/AppleJPEG
0x00007fff4e5e5000 	/System/Library/PrivateFrameworks/FontServices.framework/libFontParser.dylib
0x00007fff64e8b000 	/System/Library/PrivateFrameworks/WatchdogClient.framework/Versions/A/WatchdogClient
0x00007fff56bcc000 	/System/Library/PrivateFrameworks/IOAccelerator.framework/Versions/A/IOAccelerator
0x00007fff37787000 	/System/Library/Frameworks/MetalPerformanceShaders.framework/Versions/A/MetalPerformanceShaders
0x00007fff53362000 	/System/Library/PrivateFrameworks/GPUWrangler.framework/Versions/A/GPUWrangler
0x00007fff56be1000 	/System/Library/PrivateFrameworks/IOPresentment.framework/Versions/A/IOPresentment
0x00007fff4be4f000 	/System/Library/PrivateFrameworks/DSExternalDisplay.framework/Versions/A/DSExternalDisplay
0x00007fff3bd97000 	/System/Library/Frameworks/OpenGL.framework/Versions/A/Libraries/libCoreFSCache.dylib
0x00007fff374d3000 	/System/Library/Frameworks/MetalPerformanceShaders.framework/Frameworks/MPSCore.framework/Versions/A/MPSCore
0x00007fff37511000 	/System/Library/Frameworks/MetalPerformanceShaders.framework/Frameworks/MPSImage.framework/Versions/A/MPSImage
0x00007fff375d8000 	/System/Library/Frameworks/MetalPerformanceShaders.framework/Frameworks/MPSNeuralNetwork.framework/Versions/A/MPSNeuralNetwork
0x00007fff3759c000 	/System/Library/Frameworks/MetalPerformanceShaders.framework/Frameworks/MPSMatrix.framework/Versions/A/MPSMatrix
0x00007fff37737000 	/System/Library/Frameworks/MetalPerformanceShaders.framework/Frameworks/MPSRayIntersector.framework/Versions/A/MPSRayIntersector
0x00007fff375c2000 	/System/Library/Frameworks/MetalPerformanceShaders.framework/Frameworks/MPSNDArray.framework/Versions/A/MPSNDArray
0x00007fff58a4a000 	/System/Library/PrivateFrameworks/MetalTools.framework/Versions/A/MetalTools
0x00007fff44a40000 	/System/Library/PrivateFrameworks/AggregateDictionary.framework/Versions/A/AggregateDictionary
0x00007fff497e2000 	/System/Library/PrivateFrameworks/CoreAnalytics.framework/Versions/A/CoreAnalytics
0x00007fff45d4b000 	/System/Library/PrivateFrameworks/AppleSauce.framework/Versions/A/AppleSauce
0x00007fff68c9c000 	/usr/lib/libIOReport.dylib
0x00007fff33e87000 	/System/Library/Frameworks/CoreVideo.framework/Versions/A/CoreVideo
0x00007fff547db000 	/System/Library/PrivateFrameworks/GraphVisualizer.framework/Versions/A/GraphVisualizer
0x00007fff4db2b000 	/System/Library/PrivateFrameworks/FaceCore.framework/Versions/A/FaceCore
0x00007fff3b3ad000 	/System/Library/Frameworks/OpenCL.framework/Versions/A/OpenCL
0x00007fff68abe000 	/usr/lib/libFosl_dynamic.dylib
0x00007fff59f20000 	/System/Library/PrivateFrameworks/OTSVG.framework/Versions/A/OTSVG
0x00007fff3003c000 	/System/Library/Frameworks/ApplicationServices.framework/Versions/A/Frameworks/ATS.framework/Versions/A/Resources/libFontRegistry.dylib
0x00007fff4e7b6000 	/System/Library/PrivateFrameworks/FontServices.framework/libhvf.dylib
0x00007fff3bda2000 	/System/Library/Frameworks/OpenGL.framework/Versions/A/Libraries/libGFXShared.dylib
0x00007fff3bf80000 	/System/Library/Frameworks/OpenGL.framework/Versions/A/Libraries/libGLU.dylib
0x00007fff3bdab000 	/System/Library/Frameworks/OpenGL.framework/Versions/A/Libraries/libGL.dylib
0x00007fff3bdb6000 	/System/Library/Frameworks/OpenGL.framework/Versions/A/Libraries/libGLImage.dylib
0x00007fff3bd94000 	/System/Library/Frameworks/OpenGL.framework/Versions/A/Libraries/libCVMSPluginSupport.dylib
0x00007fff3bd9d000 	/System/Library/Frameworks/OpenGL.framework/Versions/A/Libraries/libCoreVMClient.dylib
0x00007fff6a730000 	/usr/lib/libncurses.5.4.dylib
0x00007fff2ff38000 	/System/Library/Frameworks/ApplicationServices.framework/Versions/A/Frameworks/ATS.framework/Versions/A/ATS
0x00007fff30105000 	/System/Library/Frameworks/ApplicationServices.framework/Versions/A/Frameworks/ColorSyncLegacy.framework/Versions/A/ColorSyncLegacy
0x00007fff301a3000 	/System/Library/Frameworks/ApplicationServices.framework/Versions/A/Frameworks/HIServices.framework/Versions/A/HIServices
0x00007fff301fb000 	/System/Library/Frameworks/ApplicationServices.framework/Versions/A/Frameworks/LangAnalysis.framework/Versions/A/LangAnalysis
0x00007fff3020a000 	/System/Library/Frameworks/ApplicationServices.framework/Versions/A/Frameworks/PrintCore.framework/Versions/A/PrintCore
0x00007fff30250000 	/System/Library/Frameworks/ApplicationServices.framework/Versions/A/Frameworks/QD.framework/Versions/A/QD
0x00007fff3025b000 	/System/Library/Frameworks/ApplicationServices.framework/Versions/A/Frameworks/SpeechSynthesis.framework/Versions/A/SpeechSynthesis
0x00007fff300d5000 	/System/Library/Frameworks/ApplicationServices.framework/Versions/A/Frameworks/ATSUI.framework/Versions/A/ATSUI
0x00007fff69b74000 	/usr/lib/libcups.2.dylib
0x00007fff36822000 	/System/Library/Frameworks/Kerberos.framework/Versions/A/Kerberos
0x00007fff34963000 	/System/Library/Frameworks/GSS.framework/Versions/A/GSS
0x00007fff6aeb3000 	/usr/lib/libresolv.9.dylib
0x00007fff54988000 	/System/Library/PrivateFrameworks/Heimdal.framework/Versions/A/Heimdal
0x00007fff36835000 	/System/Library/Frameworks/Kerberos.framework/Versions/A/Libraries/libHeimdalProxy.dylib
0x00007fff69d1b000 	/usr/lib/libheimdal-asn1.dylib
0x00007fff48c7a000 	/System/Library/PrivateFrameworks/CommonAuth.framework/Versions/A/CommonAuth
0x00007fff45ec9000 	/System/Library/PrivateFrameworks/AssertionServices.framework/Versions/A/AssertionServices
0x00007fff46a6c000 	/System/Library/PrivateFrameworks/AudioToolboxCore.framework/Versions/A/AudioToolboxCore
0x00007fff65b39000 	/System/Library/PrivateFrameworks/caulk.framework/Versions/A/caulk
0x00007fff47035000 	/System/Library/PrivateFrameworks/BaseBoard.framework/Versions/A/BaseBoard
0x00007fff5e183000 	/System/Library/PrivateFrameworks/RunningBoardServices.framework/Versions/A/RunningBoardServices
0x00007fff5b194000 	/System/Library/PrivateFrameworks/PersistentConnection.framework/Versions/A/PersistentConnection
0x00007fff5db7c000 	/System/Library/PrivateFrameworks/ProtocolBuffer.framework/Versions/A/ProtocolBuffer
0x00007fff48c9e000 	/System/Library/PrivateFrameworks/CommonUtilities.framework/Versions/A/CommonUtilities
0x00007fff471c3000 	/System/Library/PrivateFrameworks/Bom.framework/Versions/A/Bom
0x00007fff6896f000 	/usr/lib/libAudioToolboxUtility.dylib
0x00007fff46f93000 	/System/Library/PrivateFrameworks/Backup.framework/Versions/A/Backup
0x00007fff4bd70000 	/System/Library/PrivateFrameworks/CrashReporterSupport.framework/Versions/A/CrashReporterSupport
0x00007fff5fc15000 	/System/Library/PrivateFrameworks/Sharing.framework/Versions/A/Sharing
0x00007fff454d7000 	/System/Library/PrivateFrameworks/Apple80211.framework/Versions/A/Apple80211
0x00007fff46cb0000 	/System/Library/PrivateFrameworks/AuthKit.framework/Versions/A/AuthKit
0x00007fff4ba7d000 	/System/Library/PrivateFrameworks/CoreUtils.framework/Versions/A/CoreUtils
0x00007fff33ecc000 	/System/Library/Frameworks/CoreWLAN.framework/Versions/A/CoreWLAN
0x00007fff34af0000 	/System/Library/Frameworks/IOBluetooth.framework/Versions/A/IOBluetooth
0x00007fff58d4f000 	/System/Library/PrivateFrameworks/MobileKeyBag.framework/Versions/A/MobileKeyBag
0x00007fff4a882000 	/System/Library/PrivateFrameworks/CorePhoneNumbers.framework/Versions/A/CorePhoneNumbers
0x00007fff458c7000 	/System/Library/PrivateFrameworks/AppleIDAuthSupport.framework/Versions/A/AppleIDAuthSupport
0x00007fff38824000 	/System/Library/Frameworks/Network.framework/Versions/A/Network
0x00007fff5741d000 	/System/Library/PrivateFrameworks/KeychainCircle.framework/Versions/A/KeychainCircle
0x00007fff3191d000 	/System/Library/Frameworks/CoreBluetooth.framework/Versions/A/CoreBluetooth
0x00007fff61c94000 	/System/Library/PrivateFrameworks/SpeechRecognitionCore.framework/Versions/A/SpeechRecognitionCore
0x000000010c400000 	/Library/Java/JavaVirtualMachines/jdk1.8.0_261.jdk/Contents/Home/jre/lib/server/libjvm.dylib
0x000000010a65d000 	/Library/Java/JavaVirtualMachines/jdk1.8.0_261.jdk/Contents/Home/jre/lib/libverify.dylib
0x000000010a66e000 	/Library/Java/JavaVirtualMachines/jdk1.8.0_261.jdk/Contents/Home/jre/lib/libjava.dylib
0x000000010a6eb000 	/Library/Java/JavaVirtualMachines/jdk1.8.0_261.jdk/Contents/Home/jre/lib/libzip.dylib
0x000000010b309000 	/private/var/folders/5c/2sgxv2c97yj7bd7fsfvd_32m0000gn/T/libgdxvakoyomi/cdf099a0/libgdx64.dylib
0x000000010b34d000 	/Library/Java/JavaVirtualMachines/jdk1.8.0_261.jdk/Contents/Home/jre/lib/libnio.dylib
0x000000010b35f000 	/Library/Java/JavaVirtualMachines/jdk1.8.0_261.jdk/Contents/Home/jre/lib/libnet.dylib
0x000000010b381000 	/private/var/folders/5c/2sgxv2c97yj7bd7fsfvd_32m0000gn/T/lwjglvakoyomi/3.2.3-build-13/liblwjgl.dylib
0x0000000122b40000 	/private/var/folders/5c/2sgxv2c97yj7bd7fsfvd_32m0000gn/T/lwjglvakoyomi/3.2.3-build-13/libjemalloc.dylib
0x0000000122d97000 	/private/var/folders/5c/2sgxv2c97yj7bd7fsfvd_32m0000gn/T/lwjglvakoyomi/3.2.3-build-13/libglfw.dylib
0x00007fff4b29b000 	/System/Library/PrivateFrameworks/CoreServicesInternal.framework/Versions/A/CoreServicesInternal
0x00007fff343eb000 	/System/Library/Frameworks/FileProvider.framework/Versions/A/FileProvider
0x00007fff2ef7e000 	/System/Library/Frameworks/Accounts.framework/Versions/A/Accounts
0x00007fff53687000 	/System/Library/PrivateFrameworks/GenerationalStorage.framework/Versions/A/GenerationalStorage
0x00007fff4b822000 	/System/Library/PrivateFrameworks/CoreSymbolication.framework/Versions/A/CoreSymbolication
0x00007fff624d6000 	/System/Library/PrivateFrameworks/SymptomDiagnosticReporter.framework/Versions/A/SymptomDiagnosticReporter
0x00007fff44fdb000 	/System/Library/PrivateFrameworks/AppContainer.framework/Versions/A/AppContainer
0x00007fff6aecd000 	/usr/lib/libsandbox.1.dylib
0x00007fff63e2f000 	/System/Library/PrivateFrameworks/UserManagement.framework/Versions/A/UserManagement
0x00007fff47d7f000 	/System/Library/PrivateFrameworks/ChunkingLibrary.framework/Versions/A/ChunkingLibrary
0x00007fff4bfa4000 	/System/Library/PrivateFrameworks/DebugSymbols.framework/Versions/A/DebugSymbols
0x00007fff4504d000 	/System/Library/PrivateFrameworks/AppSandbox.framework/Versions/A/AppSandbox
0x00007fff5fa9f000 	/System/Library/PrivateFrameworks/SecCodeWrapper.framework/Versions/A/SecCodeWrapper
0x00007fff68d84000 	/usr/lib/libMatch.1.dylib
0x0000000123f8b000 	/private/var/folders/5c/2sgxv2c97yj7bd7fsfvd_32m0000gn/T/lwjglvakoyomi/3.2.3-build-13/libopenal.dylib
0x0000000124061000 	/System/Library/Components/CoreAudio.component/Contents/MacOS/CoreAudio
0x00007fff46955000 	/System/Library/PrivateFrameworks/AudioSession.framework/Versions/A/AudioSession
0x00007fff469a7000 	/System/Library/PrivateFrameworks/AudioSession.framework/libSessionUtility.dylib
0x00000001241ed000 	/System/Library/Extensions/AppleGFXHDA.kext/Contents/PlugIns/AppleGFXHDAHALPlugIn.bundle/Contents/MacOS/AppleGFXHDAHALPlugIn
0x00007fff2dafc000 	/System/Library/Frameworks/Accelerate.framework/Versions/A/Frameworks/vImage.framework/Versions/A/Libraries/libCGInterfaces.dylib
0x00007fff4e71d000 	/System/Library/PrivateFrameworks/FontServices.framework/libTrueTypeScaler.dylib
0x00007fff2a874000 	/System/Library/Extensions/AppleIntelKBLGraphicsMTLDriver.bundle/Contents/MacOS/AppleIntelKBLGraphicsMTLDriver
0x00007fff51ca7000 	/System/Library/PrivateFrameworks/GPUCompiler.framework/Versions/3902/Libraries/libmetal_timestamp.dylib

VM Arguments:
jvm_args: -Dfile.encoding=UTF-8 -Duser.country=VN -Duser.language=en -Duser.variant 
java_command: oop.koyomia.boomberman.desktop.DesktopLauncher
java_class_path (initial): /Users/vakoyomi/Desktop/ProjectBackerman/desktop/build/classes/java/main:/Users/vakoyomi/Desktop/ProjectBackerman/desktop/build/resources/main:/Users/vakoyomi/.gradle/caches/modules-2/files-2.1/com.badlogicgames.gdx/gdx-backend-lwjgl3/1.9.11/9283f673c4be9fd83283e57b763356d41eeeef16/gdx-backend-lwjgl3-1.9.11.jar:/Users/vakoyomi/.gradle/caches/modules-2/files-2.1/com.badlogicgames.gdx/gdx-platform/1.9.11/2de1e7285bec0aac89b4d3e55ac33a9f22016f42/gdx-platform-1.9.11-natives-desktop.jar:/Users/vakoyomi/Desktop/ProjectBackerman/core/build/libs/core-1.0.jar:/Users/vakoyomi/.gradle/caches/modules-2/files-2.1/com.badlogicgames.gdx/gdx/1.9.11/69fe46897eed6f92e3f01b75cc7ca5f860881a8b/gdx-1.9.11.jar:/Users/vakoyomi/.gradle/caches/modules-2/files-2.1/org.lwjgl/lwjgl-glfw/3.2.3/5e520d5c290c8b012545a8d34fa5db5ab051ea53/lwjgl-glfw-3.2.3.jar:/Users/vakoyomi/.gradle/caches/modules-2/files-2.1/org.lwjgl/lwjgl-glfw/3.2.3/b4d8a3477cdc2edcf7a5f1e822926be846223f54/lwjgl-glfw-3.2.3-natives-windows.jar:/Users/vakoyomi/.gradle/caches/modules-2/files-2.1/org.lwjgl/lwjgl-glfw/3.2.3/795d81329f65679ee6d299373cbea7fffc56b6ed/lwjgl-glfw-3.2.3-natives-windows-x86.jar:/Users/vakoyomi/.gradle/caches/modules-2/files-2.1/org.lwjgl/lwjgl-glfw/3.2.3/62b044d9b0a057444bef2ab70b9afc288ec09dba/lwjgl-glfw-3.2.3-natives-linux.jar:/Users/vakoyomi/.gradle/caches/modules-2/files-2.1/org.lwjgl/lwjgl-glfw/3.2.3/aab1a5a1e21eca87f4acd5ba055f6bfd5d90951c/lwjgl-glfw-3.2.3-natives-linux-arm32.jar:/Users/vakoyomi/.gradle/caches/modules-2/files-2.1/org.lwjgl/lwjgl-glfw/3.2.3/5149002edd12c9a7f62fb053d0ca8ea05a45f83/lwjgl-glfw-3.2.3-natives-linux-arm64.jar:/Users/vakoyomi/.gradle/caches/modules-2/files-2.1/org.lwjgl/lwjgl-glfw/3.2.3/58661272eacb9116336c88b4aadccf1f17c09b/lwjgl-glfw-3.2.3-natives-macos.jar:/Users/vakoyomi/.gradle/caches/modules-2/files-2.1/org.lwjgl/lwjgl-jemalloc/3.2.3/b6fd0932171ba3f2eaa4547beddca3a3e645342d/lwjgl-jemalloc-3.2.3.jar:/Users/vakoyomi/.gradle/caches/modules-2/file
Launcher Type: SUN_STANDARD

Environment Variables:
PATH=/Library/Frameworks/Python.framework/Versions/3.8/bin:/usr/local/bin:/usr/bin:/bin:/usr/sbin:/sbin:/Applications/VMware Fusion.app/Contents/Public:/Library/Apple/usr/bin
SHELL=/bin/bash

Signal Handlers:
SIGSEGV: [libjvm.dylib+0x5a009b], sa_mask[0]=11111111011111110111111111111111, sa_flags=SA_ONSTACK|SA_RESTART|SA_SIGINFO
SIGBUS: [libjvm.dylib+0x5a009b], sa_mask[0]=11111111011111110111111111111111, sa_flags=SA_RESTART|SA_SIGINFO
SIGFPE: [libjvm.dylib+0x490c6d], sa_mask[0]=11111111011111110111111111111111, sa_flags=SA_RESTART|SA_SIGINFO
SIGPIPE: [libjvm.dylib+0x490c6d], sa_mask[0]=11111111011111110111111111111111, sa_flags=SA_RESTART|SA_SIGINFO
SIGXFSZ: [libjvm.dylib+0x490c6d], sa_mask[0]=11111111011111110111111111111111, sa_flags=SA_RESTART|SA_SIGINFO
SIGILL: [libjvm.dylib+0x490c6d], sa_mask[0]=11111111011111110111111111111111, sa_flags=SA_RESTART|SA_SIGINFO
SIGUSR1: SIG_DFL, sa_mask[0]=00000000000000000000000000000000, sa_flags=none
SIGUSR2: [libjvm.dylib+0x491566], sa_mask[0]=00100000000000000000000000000000, sa_flags=SA_RESTART|SA_SIGINFO
SIGHUP: [libjvm.dylib+0x48f775], sa_mask[0]=11111111011111110111111111111111, sa_flags=SA_RESTART|SA_SIGINFO
SIGINT: [libjvm.dylib+0x48f775], sa_mask[0]=11111111011111110111111111111111, sa_flags=SA_RESTART|SA_SIGINFO
SIGTERM: [libjvm.dylib+0x48f775], sa_mask[0]=11111111011111110111111111111111, sa_flags=SA_RESTART|SA_SIGINFO
SIGQUIT: [libjvm.dylib+0x48f775], sa_mask[0]=11111111011111110111111111111111, sa_flags=SA_RESTART|SA_SIGINFO


---------------  S Y S T E M  ---------------

OS:Bsduname:Darwin 19.6.0 Darwin Kernel Version 19.6.0: Thu Oct 29 22:56:45 PDT 2020; root:xnu-6153.141.2.2~1/RELEASE_X86_64 x86_64
rlimit: STACK 8192k, CORE 0k, NPROC 1392, NOFILE 10240, AS infinity
load average:2.76 2.50 2.31

CPU:total 8 (initial active 8) (4 cores per cpu, 2 threads per core) family 6 model 142 stepping 10, cmov, cx8, fxsr, mmx, sse, sse2, sse3, ssse3, sse4.1, sse4.2, popcnt, avx, avx2, aes, clmul, erms, 3dnowpref, lzcnt, ht, tsc, tscinvbit, bmi1, bmi2, adx

Memory: 4k page, physical 8388608k(420616k free)

/proc/meminfo:


vm_info: Java HotSpot(TM) 64-Bit Server VM (25.261-b12) for bsd-amd64 JRE (1.8.0_261-b12), built on Jun 18 2020 06:38:55 by "java_re" with gcc 4.2.1 Compatible Apple LLVM 10.0.0 (clang-1000.11.45.5)

time: Fri Nov  6 12:03:38 2020
timezone: +07
elapsed time: 0 seconds (0d 0h 0m 0s)

